-----Ashtarya's Light Resource 0.6 beta 5.10----

2020/5/10
绘制完成熟铁锭、熟铁粒，cmd:
12015000（熟铁锭），原型为钟
12015001（熟铁粒），原型为钟

添加了钢锭及其制成的武器与装备，材质为原版的铁锭，cmd:
12015003（钢粒），原型为钟
12012301（钢斧），原型为铁斧
12012401（钢镐），原型为铁镐
12012402（钢铲），原型为铁铲
12012403（钢锄），原型为铁锄
12012500（钢剑），原型为铁剑
12014000（钢头盔），原型为铁头盔
12014001（钢胸甲），原型为铁胸甲
12014002（钢护腿），原型为铁护腿
12014003（钢靴子），原型为铁靴子

绘制完成银锭、银粒及由其镀制的武器与工具材质并添加，cmd:
12015004（银锭），原型为钟
12015005（银粒），原型为钟
12012302（镀银斧），原型为铁斧
12012404（镀银镐），原型为铁镐
12012405（镀银铲），原型为铁铲
12012406（镀银锄），原型为铁锄
12012501（镀银剑），原型为铁剑

绘制完成刻有39个符号的雕版并添加，原型为钟，cmd范围为：12011000-12011038

添加了39个符号gui，原型为结构空位，cmd范围为：12011000-12011038

在安装有optifine的情况下，钢制装备使用原版铁制装备的材质

绘制完成《术法基础 必修一 对接者精简版》物品材质并添加，cmd为12019001

2020/5/9
完成教科书成书内的拼接

在安装有optifine的情况下，普通箱子的开闭动画被关闭

2020/5/8
教科书《术法基础 必修一 对接者精简版》绘制完成

2020/5/7
添加了石质的桌面物品，分别为 已偏移(显示用) 与 未偏移(物品用) 两个版本， 
原型为钟，cmd分别为12012002与12012003

2020/5/6
青石板合成台与青石板书写台制作完成并添加，原型为结构空位，cmd分别为12016002、12016003

大幅修改了物品类的cmd线，目前的改动有：
橡木合成台：12016000
橡木书写台：12016001
添加剂：12012200
钢笔：12012201
尺子：12012202
平笔：12012203
元素立方：12012205
雕刻刀：12012300
熟铁锤：12012400
一体中长·白枝：12013100
钢锭：12015002
知识之书：12019000												
修改了 木质合成台 与 木质书写台 的模型，将中间的桌面向上提高了0.3格

2020/5/5
绘制完成"生铁全套"，并替换了原版铁制物品的材质与名称。其中包含：生铁锭、生铁铲、生铁镐、生铁斧、生铁剑、生铁锄、生铁头盔、生铁胸甲、生铁护腿、生铁靴子、生铁粒、生铁锭、生铁矿以及生铁块

绘制完成并添加了石质手工艺桌的元素立方容器显示槽ui，原型为结构空位，
cmd：12010013（左）
          12010014（中）
          12010015（右）

添加了七种元素在元素立方中的容量显示ui，原型为结构空位，cmd:
12010110-12010119（灵）
12010120-12010129（阴）
12010130-12010139（阳）
12010140-12010149（炽）
12010150-12010159（寒）
12010160-12010169（光）
12010170-12010179（影）

2020/5/4
绘制完成并添加了木质手工艺桌的元素立方容器显示槽ui，原型为结构空位，
cmd：12010010（左）
          12010011（中）
          12010012（右）

2020/5/3
添加了"橡木桌面"、"青石桌面"、"钢锭"、"熟铁锭"以及"锤子"的名称

2020/4/29
绘制完成并添加了36个符号字体，chars：ue100-ue135

2020/4/26
添加了AmberW大大的negative_space负空格




-------------------------------------|-Beta版-|--------------------------------------
-----Ashtarya's Light Resource 0.6 alpha----

2020/3/29
将所有的gui父级与其对应的gui合并为一个文件

给所有的gui添加了 gui_light 选项（虽然目前还没有用处）
	"gui_light": "front"


-----Ashtarya's Light Resource 0.5b----
       ☆ 由雨弓修复

2020/3/29
大幅精简了GUI的父系关系，将普通工作台归为一个父系，又将大型工作台归为一个父系，并删除合并了inventory的父系。（PCC挨打）

解决了GUI颜色发暗的问题——GUI灯需要改为front（PCC挨打*2）
	"gui_light": "front"
-------------------------------------|-Beta版-|--------------------------------------




-----Ashtarya's Light Resource 0.5-----

2020/3/14
修复了 元素立方 的内部材质贴图问题，并将分类由方块转为物品，cmd改为12012056

2020/3/13
绘制完成七种颜色的 元素导流器动画-左 以及 元素导流器动画-右 的ui并添加，原型为结构空位，cmd分别为1201121-12010127和12010131-12010137

修改了木质书写台上的印章颜色

2020/3/12
绘制完成七种颜色的 元素导流器动画-上 的ui并添加，原型为结构空位，cmd:12010111-12010117

2020/3/11
偏移了元素导流器ui

将 锤子 与 雕刻刀 的cmd分别改为12012081、12012082

将 知识之书 的cmd改为12012056

将 桌面物品（显示与物品两个版本）以及 元素立方 的原型改为钟

2020/3/6
修改了 元素立方 的模型与材质（由雨弓重制）

制作了 火山灰法杖 模型（由雨弓制作）

偏移了木质书写台模型

绘制了 钢锭、平笔 并添加，原型为钟，cmd分别为:12012054与12012055

2020/3/3
修改了元素导流器材质

为动画材质添加了专属文件夹

添加了元素导流器ui

2020/3/2
制作了 元素立方 并添加，原型为结构空位，cmd:12014002

添加了容器动画ui，原型为结构空位，cmd:12011200-12011209

绘制完成元素导流器ui

整改了全部ui的材质以及缩放与位移，但没有解决对不齐问题

修复了青石板合成台ui物品栏显示的错误




-----Ashtarya's Light Resource 0.4-----

2020/2/28
将木质书写台模型戴在小盔甲架头顶时的模型缩放位移至对齐

添加了空白材质的物品，原型为结构空位，cmd:12010000

旋转了雕刻刀手持时的方向

2020/2/27
将木质合成台模型的顶部旋转90°，并修改了木质书写台模型

2020/2/26
添加了木质书写台模型，原型为结构空位，cmd:12014001

2020/2/25
微调了木质与石质的合成和书写台的ui

2020/2/24
木质书写台模型制作完成

添加了 雕刻刀，原型为木剑，cmd:12012055

添加了 添加剂、钢笔、尺子，原型为钟，cmd分别为12012051、12012052、12012053




-----Ashtarya's Light Resource 0.3-----

2020/2/12
绘制了 添加剂、雕刻刀、钢笔、尺子 的材质

绘制了 锤子 材质并添加，原型为铁镐，cmd:12012051

绘制了 知识之书 材质并添加，原型为成书，cmd:12012052

整理并修改了整个资源包内各个物品模型及材质文件的名称，并分类为 block、gui、item 三部分

2020/2/11
-=资源包制作由雨弓转移给像素立方=-

绘制完成青石板书写台ui并添加， 原型为结构空位，cmd:12010005

绘制完成青石板合成台ui并添加， 原型为结构空位，cmd:12010004

2020/2/3
绘制完成木质书写台ui并添加， 原型为结构空位，cmd:12010003

绘制完成物品栏ui并添加， 原型为结构空位，cmd:12010001

2020/1/29
木质合成台模型制作完成并添加， 原型为结构空位，cmd:12014000

2020/1/24
添加了木质的桌面物品，分别为 已偏移(显示用) 与 未偏移(物品用) 两个版本， 
原型为橡木台阶，cmd分别为12012000与12012001

2020/1/23
绘制完成木质合成台ui并添加， 原型为结构空位，cmd:12010002



-----Ashtarya's Light Resource 0.2-----

2020/1/20
添加了"转化速率"、"转化稳定性"及"输出功率"、"输出稳定性"的名称




-----Ashtarya's Light Resource 0.1-----

2019/12/23
"阴" "阳" "炽" "寒" "光" "影" "灵" 六种元素名字以及 "古老的桦树枝" 的名称被添加

2019/12/22
完成 "一体中长·白枝" 的模型并添加， 原型为胡萝卜钓竿，cmd:1223010100

绘制了四个版本的logo并添加像素版作为资源包logo

